2022-10-11 15:37:04.876  INFO [user-service,,] 6912 --- [restartedMain] org.mehmet.UserServiceApplication        : Starting UserServiceApplication using Java 17.0.1 on Mehmett with PID 6912 (C:\Users\mehme\IdeaProjects\Microservices\user-service\build\classes\java\main started by mehme in C:\Users\mehme\IdeaProjects\Microservices)
2022-10-11 15:37:04.880  INFO [user-service,,] 6912 --- [restartedMain] org.mehmet.UserServiceApplication        : No active profile set, falling back to 1 default profile: "default"
2022-10-11 15:37:04.914  INFO [user-service,,] 6912 --- [restartedMain] o.s.c.c.c.ConfigServerConfigDataLoader   : Fetching config from server at : http://localhost:8888
2022-10-11 15:37:04.915  INFO [user-service,,] 6912 --- [restartedMain] o.s.c.c.c.ConfigServerConfigDataLoader   : Located environment: name=user-service-application-dev, profiles=[default], label=null, version=null, state=null
2022-10-11 15:37:04.917  INFO [user-service,,] 6912 --- [restartedMain] .e.DevToolsPropertyDefaultsPostProcessor : Devtools property defaults active! Set 'spring.devtools.add-properties' to 'false' to disable
2022-10-11 15:37:04.917  INFO [user-service,,] 6912 --- [restartedMain] .e.DevToolsPropertyDefaultsPostProcessor : For additional web related logging consider setting the 'logging.level.web' property to 'DEBUG'
2022-10-11 15:37:05.583  INFO [user-service,,] 6912 --- [restartedMain] .s.d.r.c.RepositoryConfigurationDelegate : Multiple Spring Data modules found, entering strict repository configuration mode
2022-10-11 15:37:05.584  INFO [user-service,,] 6912 --- [restartedMain] .s.d.r.c.RepositoryConfigurationDelegate : Bootstrapping Spring Data Redis repositories in DEFAULT mode.
2022-10-11 15:37:05.604  INFO [user-service,,] 6912 --- [restartedMain] .s.d.r.c.RepositoryConfigurationDelegate : Finished Spring Data repository scanning in 4 ms. Found 0 Redis repository interfaces.
2022-10-11 15:37:05.950  INFO [user-service,,] 6912 --- [restartedMain] .s.d.r.c.RepositoryConfigurationDelegate : Multiple Spring Data modules found, entering strict repository configuration mode
2022-10-11 15:37:05.952  INFO [user-service,,] 6912 --- [restartedMain] .s.d.r.c.RepositoryConfigurationDelegate : Bootstrapping Spring Data JPA repositories in DEFAULT mode.
2022-10-11 15:37:06.091  INFO [user-service,,] 6912 --- [restartedMain] .s.d.r.c.RepositoryConfigurationDelegate : Finished Spring Data repository scanning in 136 ms. Found 1 JPA repository interfaces.
2022-10-11 15:37:06.096  INFO [user-service,,] 6912 --- [restartedMain] .s.d.r.c.RepositoryConfigurationDelegate : Multiple Spring Data modules found, entering strict repository configuration mode
2022-10-11 15:37:06.097  INFO [user-service,,] 6912 --- [restartedMain] .s.d.r.c.RepositoryConfigurationDelegate : Bootstrapping Spring Data Redis repositories in DEFAULT mode.
2022-10-11 15:37:06.102  INFO [user-service,,] 6912 --- [restartedMain] .RepositoryConfigurationExtensionSupport : Spring Data Redis - Could not safely identify store assignment for repository candidate interface org.mehmet.repository.IUserProfileRepository; If you want this repository to be a Redis repository, consider annotating your entities with one of these annotations: org.springframework.data.redis.core.RedisHash (preferred), or consider extending one of the following types with your repository: org.springframework.data.keyvalue.repository.KeyValueRepository
2022-10-11 15:37:06.102  INFO [user-service,,] 6912 --- [restartedMain] .s.d.r.c.RepositoryConfigurationDelegate : Finished Spring Data repository scanning in 5 ms. Found 0 Redis repository interfaces.
2022-10-11 15:37:06.321  INFO [user-service,,] 6912 --- [restartedMain] o.s.cloud.context.scope.GenericScope     : BeanFactory id=a5e06daf-24a3-310e-80dd-ea4cba018efd
2022-10-11 15:37:07.032  INFO [user-service,,] 6912 --- [restartedMain] o.s.b.w.embedded.tomcat.TomcatWebServer  : Tomcat initialized with port(s): 9092 (http)
2022-10-11 15:37:07.040  INFO [user-service,,] 6912 --- [restartedMain] o.apache.catalina.core.StandardService   : Starting service [Tomcat]
2022-10-11 15:37:07.040  INFO [user-service,,] 6912 --- [restartedMain] org.apache.catalina.core.StandardEngine  : Starting Servlet engine: [Apache Tomcat/9.0.65]
2022-10-11 15:37:07.126  INFO [user-service,,] 6912 --- [restartedMain] o.a.c.c.C.[Tomcat].[localhost].[/]       : Initializing Spring embedded WebApplicationContext
2022-10-11 15:37:07.126  INFO [user-service,,] 6912 --- [restartedMain] w.s.c.ServletWebServerApplicationContext : Root WebApplicationContext: initialization completed in 2209 ms
2022-10-11 15:37:08.090  INFO [user-service,,] 6912 --- [restartedMain] o.hibernate.jpa.internal.util.LogHelper  : HHH000204: Processing PersistenceUnitInfo [name: default]
2022-10-11 15:37:08.151  INFO [user-service,,] 6912 --- [restartedMain] org.hibernate.Version                    : HHH000412: Hibernate ORM core version 5.6.10.Final
2022-10-11 15:37:08.269  INFO [user-service,,] 6912 --- [restartedMain] o.hibernate.annotations.common.Version   : HCANN000001: Hibernate Commons Annotations {5.1.2.Final}
2022-10-11 15:37:08.371  INFO [user-service,,] 6912 --- [restartedMain] com.zaxxer.hikari.HikariDataSource       : HikariPool-1 - Starting...
2022-10-11 15:37:08.543  INFO [user-service,,] 6912 --- [restartedMain] com.zaxxer.hikari.HikariDataSource       : HikariPool-1 - Start completed.
2022-10-11 15:37:08.575  INFO [user-service,,] 6912 --- [restartedMain] org.hibernate.dialect.Dialect            : HHH000400: Using dialect: org.hibernate.dialect.PostgreSQL10Dialect
2022-10-11 15:37:09.154  INFO [user-service,,] 6912 --- [restartedMain] o.h.e.t.j.p.i.JtaPlatformInitiator       : HHH000490: Using JtaPlatform implementation: [org.hibernate.engine.transaction.jta.platform.internal.NoJtaPlatform]
2022-10-11 15:37:09.162  INFO [user-service,,] 6912 --- [restartedMain] j.LocalContainerEntityManagerFactoryBean : Initialized JPA EntityManagerFactory for persistence unit 'default'
2022-10-11 15:37:09.848  WARN [user-service,,] 6912 --- [restartedMain] JpaBaseConfiguration$JpaWebConfiguration : spring.jpa.open-in-view is enabled by default. Therefore, database queries may be performed during view rendering. Explicitly configure spring.jpa.open-in-view to disable this warning
2022-10-11 15:37:11.218  WARN [user-service,,] 6912 --- [restartedMain] o.s.b.d.a.OptionalLiveReloadServer       : Unable to start LiveReload server
2022-10-11 15:37:11.434  INFO [user-service,,] 6912 --- [restartedMain] o.s.b.a.e.web.EndpointLinksResolver      : Exposing 1 endpoint(s) beneath base path '/actuator'
2022-10-11 15:37:11.516  INFO [user-service,,] 6912 --- [restartedMain] o.s.b.w.embedded.tomcat.TomcatWebServer  : Tomcat started on port(s): 9092 (http) with context path ''
2022-10-11 15:37:11.646  INFO [user-service,,] 6912 --- [restartedMain] org.mehmet.UserServiceApplication        : Started UserServiceApplication in 7.541 seconds (JVM running for 8.154)
2022-10-11 15:37:11.696  INFO [user-service,,] 6912 --- [RMI TCP Connection(2)-192.168.1.158] o.a.c.c.C.[Tomcat].[localhost].[/]       : Initializing Spring DispatcherServlet 'dispatcherServlet'
2022-10-11 15:37:11.696  INFO [user-service,,] 6912 --- [RMI TCP Connection(2)-192.168.1.158] o.s.web.servlet.DispatcherServlet        : Initializing Servlet 'dispatcherServlet'
2022-10-11 15:37:11.698  INFO [user-service,,] 6912 --- [RMI TCP Connection(2)-192.168.1.158] o.s.web.servlet.DispatcherServlet        : Completed initialization in 1 ms
2022-10-11 15:52:15.198  INFO [user-service,83d46360711655bc,83d46360711655bc] 6912 --- [http-nio-9092-exec-5] o.springdoc.api.AbstractOpenApiResource  : Init duration for springdoc-openapi is: 175 ms
2022-10-11 16:30:54.346  INFO [user-service,,] 6912 --- [Thread-5] o.s.c.s.a.z.ZipkinAutoConfiguration      : Flushing remaining spans on shutdown
2022-10-11 16:30:54.465  INFO [user-service,,] 6912 --- [SpringApplicationShutdownHook] j.LocalContainerEntityManagerFactoryBean : Closing JPA EntityManagerFactory for persistence unit 'default'
2022-10-11 16:30:55.497  INFO [user-service,,] 6912 --- [SpringApplicationShutdownHook] com.zaxxer.hikari.HikariDataSource       : HikariPool-1 - Shutdown initiated...
2022-10-11 16:30:55.501  INFO [user-service,,] 6912 --- [SpringApplicationShutdownHook] com.zaxxer.hikari.HikariDataSource       : HikariPool-1 - Shutdown completed.
2022-10-11 16:39:35.549  INFO [user-service,,] 20192 --- [restartedMain] org.mehmet.UserServiceApplication        : Starting UserServiceApplication using Java 17.0.1 on Mehmett with PID 20192 (C:\Users\mehme\IdeaProjects\Microservices\user-service\build\classes\java\main started by mehme in C:\Users\mehme\IdeaProjects\Microservices)
2022-10-11 16:39:35.550  INFO [user-service,,] 20192 --- [restartedMain] org.mehmet.UserServiceApplication        : No active profile set, falling back to 1 default profile: "default"
2022-10-11 16:39:35.582  INFO [user-service,,] 20192 --- [restartedMain] o.s.c.c.c.ConfigServerConfigDataLoader   : Fetching config from server at : http://localhost:8888
2022-10-11 16:39:35.582  INFO [user-service,,] 20192 --- [restartedMain] o.s.c.c.c.ConfigServerConfigDataLoader   : Located environment: name=user-service-application-dev, profiles=[default], label=null, version=null, state=null
2022-10-11 16:39:35.583  INFO [user-service,,] 20192 --- [restartedMain] .e.DevToolsPropertyDefaultsPostProcessor : Devtools property defaults active! Set 'spring.devtools.add-properties' to 'false' to disable
2022-10-11 16:39:35.583  INFO [user-service,,] 20192 --- [restartedMain] .e.DevToolsPropertyDefaultsPostProcessor : For additional web related logging consider setting the 'logging.level.web' property to 'DEBUG'
2022-10-11 16:39:36.184  INFO [user-service,,] 20192 --- [restartedMain] .s.d.r.c.RepositoryConfigurationDelegate : Multiple Spring Data modules found, entering strict repository configuration mode
2022-10-11 16:39:36.185  INFO [user-service,,] 20192 --- [restartedMain] .s.d.r.c.RepositoryConfigurationDelegate : Bootstrapping Spring Data Redis repositories in DEFAULT mode.
2022-10-11 16:39:36.202  INFO [user-service,,] 20192 --- [restartedMain] .s.d.r.c.RepositoryConfigurationDelegate : Finished Spring Data repository scanning in 4 ms. Found 0 Redis repository interfaces.
2022-10-11 16:39:36.566  INFO [user-service,,] 20192 --- [restartedMain] .s.d.r.c.RepositoryConfigurationDelegate : Multiple Spring Data modules found, entering strict repository configuration mode
2022-10-11 16:39:36.567  INFO [user-service,,] 20192 --- [restartedMain] .s.d.r.c.RepositoryConfigurationDelegate : Bootstrapping Spring Data JPA repositories in DEFAULT mode.
2022-10-11 16:39:36.688  INFO [user-service,,] 20192 --- [restartedMain] .s.d.r.c.RepositoryConfigurationDelegate : Finished Spring Data repository scanning in 117 ms. Found 1 JPA repository interfaces.
2022-10-11 16:39:36.693  INFO [user-service,,] 20192 --- [restartedMain] .s.d.r.c.RepositoryConfigurationDelegate : Multiple Spring Data modules found, entering strict repository configuration mode
2022-10-11 16:39:36.693  INFO [user-service,,] 20192 --- [restartedMain] .s.d.r.c.RepositoryConfigurationDelegate : Bootstrapping Spring Data Redis repositories in DEFAULT mode.
2022-10-11 16:39:36.699  INFO [user-service,,] 20192 --- [restartedMain] .RepositoryConfigurationExtensionSupport : Spring Data Redis - Could not safely identify store assignment for repository candidate interface org.mehmet.repository.IUserProfileRepository; If you want this repository to be a Redis repository, consider annotating your entities with one of these annotations: org.springframework.data.redis.core.RedisHash (preferred), or consider extending one of the following types with your repository: org.springframework.data.keyvalue.repository.KeyValueRepository
2022-10-11 16:39:36.699  INFO [user-service,,] 20192 --- [restartedMain] .s.d.r.c.RepositoryConfigurationDelegate : Finished Spring Data repository scanning in 5 ms. Found 0 Redis repository interfaces.
2022-10-11 16:39:36.912  INFO [user-service,,] 20192 --- [restartedMain] o.s.cloud.context.scope.GenericScope     : BeanFactory id=ba9a0f66-a62d-3b0d-bac9-895aca8a7404
2022-10-11 16:39:37.636  INFO [user-service,,] 20192 --- [restartedMain] o.s.b.w.embedded.tomcat.TomcatWebServer  : Tomcat initialized with port(s): 9092 (http)
2022-10-11 16:39:37.644  INFO [user-service,,] 20192 --- [restartedMain] o.apache.catalina.core.StandardService   : Starting service [Tomcat]
2022-10-11 16:39:37.645  INFO [user-service,,] 20192 --- [restartedMain] org.apache.catalina.core.StandardEngine  : Starting Servlet engine: [Apache Tomcat/9.0.65]
2022-10-11 16:39:37.736  INFO [user-service,,] 20192 --- [restartedMain] o.a.c.c.C.[Tomcat].[localhost].[/]       : Initializing Spring embedded WebApplicationContext
2022-10-11 16:39:37.737  INFO [user-service,,] 20192 --- [restartedMain] w.s.c.ServletWebServerApplicationContext : Root WebApplicationContext: initialization completed in 2153 ms
2022-10-11 16:39:38.881  INFO [user-service,,] 20192 --- [restartedMain] o.hibernate.jpa.internal.util.LogHelper  : HHH000204: Processing PersistenceUnitInfo [name: default]
2022-10-11 16:39:38.928  INFO [user-service,,] 20192 --- [restartedMain] org.hibernate.Version                    : HHH000412: Hibernate ORM core version 5.6.10.Final
2022-10-11 16:39:39.052  INFO [user-service,,] 20192 --- [restartedMain] o.hibernate.annotations.common.Version   : HCANN000001: Hibernate Commons Annotations {5.1.2.Final}
2022-10-11 16:39:39.127  INFO [user-service,,] 20192 --- [restartedMain] com.zaxxer.hikari.HikariDataSource       : HikariPool-1 - Starting...
2022-10-11 16:39:39.236  INFO [user-service,,] 20192 --- [restartedMain] com.zaxxer.hikari.HikariDataSource       : HikariPool-1 - Start completed.
2022-10-11 16:39:39.257  INFO [user-service,,] 20192 --- [restartedMain] org.hibernate.dialect.Dialect            : HHH000400: Using dialect: org.hibernate.dialect.PostgreSQL10Dialect
2022-10-11 16:39:39.730  INFO [user-service,,] 20192 --- [restartedMain] o.h.e.t.j.p.i.JtaPlatformInitiator       : HHH000490: Using JtaPlatform implementation: [org.hibernate.engine.transaction.jta.platform.internal.NoJtaPlatform]
2022-10-11 16:39:39.736  INFO [user-service,,] 20192 --- [restartedMain] j.LocalContainerEntityManagerFactoryBean : Initialized JPA EntityManagerFactory for persistence unit 'default'
2022-10-11 16:39:40.397  WARN [user-service,,] 20192 --- [restartedMain] JpaBaseConfiguration$JpaWebConfiguration : spring.jpa.open-in-view is enabled by default. Therefore, database queries may be performed during view rendering. Explicitly configure spring.jpa.open-in-view to disable this warning
2022-10-11 16:39:41.853  WARN [user-service,,] 20192 --- [restartedMain] o.s.b.d.a.OptionalLiveReloadServer       : Unable to start LiveReload server
2022-10-11 16:39:42.071  INFO [user-service,,] 20192 --- [restartedMain] o.s.b.a.e.web.EndpointLinksResolver      : Exposing 1 endpoint(s) beneath base path '/actuator'
2022-10-11 16:39:42.187  INFO [user-service,,] 20192 --- [restartedMain] o.s.b.w.embedded.tomcat.TomcatWebServer  : Tomcat started on port(s): 9092 (http) with context path ''
2022-10-11 16:39:42.300  INFO [user-service,,] 20192 --- [restartedMain] o.s.a.r.c.CachingConnectionFactory       : Attempting to connect to: [localhost:5672]
2022-10-11 16:39:42.342  INFO [user-service,,] 20192 --- [restartedMain] o.s.a.r.c.CachingConnectionFactory       : Created new connection: rabbitConnectionFactory#48b89ceb:0/SimpleConnection@12a3d0a4 [delegate=amqp://muhammet@127.0.0.1:5672/, localPort= 51733]
2022-10-11 16:39:42.393  INFO [user-service,089b28c2f8599fc2,fbb874045eb17b3a] 20192 --- [org.springframework.amqp.rabbit.RabbitListenerEndpointContainer#0-1] o.m.r.consumer.CreateUserConsumer        : User received: CreateUser(authid=38, username=myrmidons, password=101010, email=myrmidons@gmail.com)
2022-10-11 16:39:42.393  INFO [user-service,,] 20192 --- [restartedMain] org.mehmet.UserServiceApplication        : Started UserServiceApplication in 7.524 seconds (JVM running for 8.058)
2022-10-11 16:39:42.524  INFO [user-service,,] 20192 --- [RMI TCP Connection(1)-192.168.1.158] o.a.c.c.C.[Tomcat].[localhost].[/]       : Initializing Spring DispatcherServlet 'dispatcherServlet'
2022-10-11 16:39:42.524  INFO [user-service,,] 20192 --- [RMI TCP Connection(1)-192.168.1.158] o.s.web.servlet.DispatcherServlet        : Initializing Servlet 'dispatcherServlet'
2022-10-11 16:39:42.527  INFO [user-service,,] 20192 --- [RMI TCP Connection(1)-192.168.1.158] o.s.web.servlet.DispatcherServlet        : Completed initialization in 1 ms
2022-10-11 17:10:29.117  INFO [user-service,,] 20192 --- [Thread-5] o.s.c.s.a.z.ZipkinAutoConfiguration      : Flushing remaining spans on shutdown
2022-10-11 17:10:29.131  INFO [user-service,,] 20192 --- [org.springframework.amqp.rabbit.RabbitListenerEndpointContainer#0-2] o.s.a.r.l.SimpleMessageListenerContainer : Waiting for workers to finish.
2022-10-11 17:10:29.605  INFO [user-service,,] 20192 --- [org.springframework.amqp.rabbit.RabbitListenerEndpointContainer#0-2] o.s.a.r.l.SimpleMessageListenerContainer : Successfully waited for workers to finish.
2022-10-11 17:10:29.633  INFO [user-service,,] 20192 --- [SpringApplicationShutdownHook] o.s.a.r.l.SimpleMessageListenerContainer : Shutdown ignored - container is already stopped
2022-10-11 17:10:29.636  INFO [user-service,,] 20192 --- [SpringApplicationShutdownHook] j.LocalContainerEntityManagerFactoryBean : Closing JPA EntityManagerFactory for persistence unit 'default'
2022-10-11 17:10:29.806  INFO [user-service,,] 20192 --- [SpringApplicationShutdownHook] com.zaxxer.hikari.HikariDataSource       : HikariPool-1 - Shutdown initiated...
2022-10-11 17:10:29.808  INFO [user-service,,] 20192 --- [SpringApplicationShutdownHook] com.zaxxer.hikari.HikariDataSource       : HikariPool-1 - Shutdown completed.
